<?xml version="1.0" encoding="UTF-8"?>
<!-- Generated by org.testng.reporters.JUnitReportReporter -->
<testsuite hostname="LAPTOP-1BHC116R" failures="0" tests="2" name="testscriptshree.AssessmentTest" time="18.801" errors="0" timestamp="2024-10-04T17:46:55 IST" skipped="0">
  <testcase classname="testscriptshree.AssessmentTest" name="verifyWebCamSettings" time="14.180"/>
  <system-out/>
  <testcase classname="testscriptshree.AssessmentTest" name="verifyAssessmentTab" time="4.621"/>
  <system-out/>
</testsuite> <!-- testscriptshree.AssessmentTest -->
